{"C:\\Users\\Kavya Panneerselvam\\supermarket\\backend\\server.js": {"path":"C:\\Users\\Kavya Panneerselvam\\supermarket\\backend\\server.js","statementMap":{"0":{"start":{"line":1,"column":16},"end":{"line":1,"column":34}},"1":{"start":{"line":2,"column":15},"end":{"line":2,"column":32}},"2":{"start":{"line":3,"column":13},"end":{"line":3,"column":28}},"3":{"start":{"line":4,"column":13},"end":{"line":4,"column":28}},"4":{"start":{"line":5,"column":18},"end":{"line":5,"column":40}},"5":{"start":{"line":6,"column":19},"end":{"line":6,"column":43}},"6":{"start":{"line":7,"column":23},"end":{"line":7,"column":52}},"7":{"start":{"line":8,"column":19},"end":{"line":8,"column":49}},"8":{"start":{"line":9,"column":20},"end":{"line":9,"column":45}},"9":{"start":{"line":10,"column":20},"end":{"line":10,"column":51}},"10":{"start":{"line":11,"column":21},"end":{"line":11,"column":53}},"11":{"start":{"line":12,"column":19},"end":{"line":12,"column":43}},"12":{"start":{"line":13,"column":27},"end":{"line":13,"column":59}},"13":{"start":{"line":14,"column":20},"end":{"line":14,"column":51}},"14":{"start":{"line":15,"column":22},"end":{"line":15,"column":55}},"15":{"start":{"line":16,"column":13},"end":{"line":16,"column":37}},"16":{"start":{"line":17,"column":0},"end":{"line":17,"column":16}},"17":{"start":{"line":18,"column":0},"end":{"line":18,"column":12}},"18":{"start":{"line":20,"column":12},"end":{"line":20,"column":21}},"19":{"start":{"line":21,"column":0},"end":{"line":21,"column":24}},"20":{"start":{"line":22,"column":23},"end":{"line":25,"column":1}},"21":{"start":{"line":27,"column":0},"end":{"line":36,"column":4}},"22":{"start":{"line":29,"column":4},"end":{"line":33,"column":5}},"23":{"start":{"line":30,"column":6},"end":{"line":30,"column":27}},"24":{"start":{"line":32,"column":6},"end":{"line":32,"column":49}},"25":{"start":{"line":38,"column":0},"end":{"line":38,"column":33}},"26":{"start":{"line":39,"column":0},"end":{"line":39,"column":33}},"27":{"start":{"line":40,"column":0},"end":{"line":40,"column":42}},"28":{"start":{"line":41,"column":0},"end":{"line":41,"column":33}},"29":{"start":{"line":42,"column":0},"end":{"line":42,"column":40}},"30":{"start":{"line":43,"column":0},"end":{"line":43,"column":35}},"31":{"start":{"line":44,"column":0},"end":{"line":44,"column":50}},"32":{"start":{"line":45,"column":0},"end":{"line":45,"column":69}},"33":{"start":{"line":46,"column":0},"end":{"line":46,"column":28}},"34":{"start":{"line":47,"column":0},"end":{"line":47,"column":38}},"35":{"start":{"line":48,"column":0},"end":{"line":48,"column":31}},"36":{"start":{"line":50,"column":0},"end":{"line":53,"column":3}},"37":{"start":{"line":51,"column":2},"end":{"line":51,"column":51}},"38":{"start":{"line":52,"column":2},"end":{"line":52,"column":35}},"39":{"start":{"line":54,"column":0},"end":{"line":54,"column":70}},"40":{"start":{"line":54,"column":23},"end":{"line":54,"column":68}},"41":{"start":{"line":55,"column":0},"end":{"line":55,"column":21}}},"fnMap":{"0":{"name":"(anonymous_0)","decl":{"start":{"line":28,"column":10},"end":{"line":28,"column":11}},"loc":{"start":{"line":28,"column":32},"end":{"line":34,"column":3}},"line":28},"1":{"name":"(anonymous_1)","decl":{"start":{"line":50,"column":28},"end":{"line":50,"column":29}},"loc":{"start":{"line":50,"column":42},"end":{"line":53,"column":1}},"line":50},"2":{"name":"(anonymous_2)","decl":{"start":{"line":54,"column":17},"end":{"line":54,"column":18}},"loc":{"start":{"line":54,"column":23},"end":{"line":54,"column":68}},"line":54}},"branchMap":{"0":{"loc":{"start":{"line":16,"column":13},"end":{"line":16,"column":37}},"type":"binary-expr","locations":[{"start":{"line":16,"column":13},"end":{"line":16,"column":29}},{"start":{"line":16,"column":33},"end":{"line":16,"column":37}}],"line":16},"1":{"loc":{"start":{"line":29,"column":4},"end":{"line":33,"column":5}},"type":"if","locations":[{"start":{"line":29,"column":4},"end":{"line":33,"column":5}},{"start":{"line":31,"column":11},"end":{"line":33,"column":5}}],"line":29},"2":{"loc":{"start":{"line":29,"column":8},"end":{"line":29,"column":50}},"type":"binary-expr","locations":[{"start":{"line":29,"column":8},"end":{"line":29,"column":15}},{"start":{"line":29,"column":19},"end":{"line":29,"column":50}}],"line":29}},"s":{"0":1,"1":1,"2":1,"3":1,"4":1,"5":1,"6":1,"7":1,"8":1,"9":1,"10":1,"11":1,"12":1,"13":1,"14":1,"15":1,"16":1,"17":1,"18":1,"19":1,"20":1,"21":1,"22":2,"23":2,"24":0,"25":1,"26":1,"27":1,"28":1,"29":1,"30":1,"31":1,"32":1,"33":1,"34":1,"35":1,"36":1,"37":0,"38":0,"39":1,"40":1,"41":1},"f":{"0":2,"1":0,"2":1},"b":{"0":[1,1],"1":[2,0],"2":[2,0]},"_coverageSchema":"1a1c01bbd47fc00a2c39e90264f33305004495a9","hash":"7f5e7109ae90969f5c2b2eddb74bc586b75380b5"}
,"C:\\Users\\Kavya Panneerselvam\\supermarket\\backend\\config\\db.js": {"path":"C:\\Users\\Kavya Panneerselvam\\supermarket\\backend\\config\\db.js","statementMap":{"0":{"start":{"line":1,"column":17},"end":{"line":1,"column":36}},"1":{"start":{"line":3,"column":18},"end":{"line":11,"column":1}},"2":{"start":{"line":4,"column":2},"end":{"line":10,"column":3}},"3":{"start":{"line":5,"column":4},"end":{"line":5,"column":50}},"4":{"start":{"line":6,"column":4},"end":{"line":6,"column":37}},"5":{"start":{"line":8,"column":4},"end":{"line":8,"column":25}},"6":{"start":{"line":9,"column":4},"end":{"line":9,"column":20}},"7":{"start":{"line":13,"column":0},"end":{"line":13,"column":27}}},"fnMap":{"0":{"name":"(anonymous_0)","decl":{"start":{"line":3,"column":18},"end":{"line":3,"column":19}},"loc":{"start":{"line":3,"column":30},"end":{"line":11,"column":1}},"line":3}},"branchMap":{},"s":{"0":1,"1":1,"2":1,"3":1,"4":1,"5":0,"6":0,"7":1},"f":{"0":1},"b":{},"_coverageSchema":"1a1c01bbd47fc00a2c39e90264f33305004495a9","hash":"44c704558d4e0e3b17b119de41f5dedb05bba98a"}
,"C:\\Users\\Kavya Panneerselvam\\supermarket\\backend\\controllers\\ProductController.js": {"path":"C:\\Users\\Kavya Panneerselvam\\supermarket\\backend\\controllers\\ProductController.js","statementMap":{"0":{"start":{"line":1,"column":16},"end":{"line":1,"column":44}},"1":{"start":{"line":4,"column":22},"end":{"line":23,"column":1}},"2":{"start":{"line":5,"column":4},"end":{"line":22,"column":5}},"3":{"start":{"line":6,"column":62},"end":{"line":6,"column":70}},"4":{"start":{"line":7,"column":26},"end":{"line":7,"column":73}},"5":{"start":{"line":9,"column":27},"end":{"line":16,"column":10}},"6":{"start":{"line":18,"column":8},"end":{"line":18,"column":32}},"7":{"start":{"line":19,"column":8},"end":{"line":19,"column":41}},"8":{"start":{"line":21,"column":8},"end":{"line":21,"column":55}},"9":{"start":{"line":26,"column":20},"end":{"line":33,"column":1}},"10":{"start":{"line":27,"column":4},"end":{"line":32,"column":5}},"11":{"start":{"line":28,"column":25},"end":{"line":28,"column":45}},"12":{"start":{"line":29,"column":8},"end":{"line":29,"column":27}},"13":{"start":{"line":31,"column":8},"end":{"line":31,"column":55}},"14":{"start":{"line":36,"column":23},"end":{"line":44,"column":1}},"15":{"start":{"line":37,"column":4},"end":{"line":43,"column":5}},"16":{"start":{"line":38,"column":24},"end":{"line":38,"column":61}},"17":{"start":{"line":39,"column":8},"end":{"line":39,"column":84}},"18":{"start":{"line":39,"column":22},"end":{"line":39,"column":84}},"19":{"start":{"line":40,"column":8},"end":{"line":40,"column":26}},"20":{"start":{"line":42,"column":8},"end":{"line":42,"column":55}},"21":{"start":{"line":47,"column":22},"end":{"line":68,"column":3}},"22":{"start":{"line":48,"column":4},"end":{"line":67,"column":5}},"23":{"start":{"line":49,"column":60},"end":{"line":49,"column":68}},"24":{"start":{"line":50,"column":20},"end":{"line":50,"column":55}},"25":{"start":{"line":51,"column":6},"end":{"line":51,"column":25}},"26":{"start":{"line":52,"column":30},"end":{"line":52,"column":67}},"27":{"start":{"line":54,"column":26},"end":{"line":61,"column":7}},"28":{"start":{"line":63,"column":22},"end":{"line":63,"column":96}},"29":{"start":{"line":64,"column":6},"end":{"line":64,"column":24}},"30":{"start":{"line":66,"column":6},"end":{"line":66,"column":53}},"31":{"start":{"line":72,"column":22},"end":{"line":79,"column":1}},"32":{"start":{"line":73,"column":4},"end":{"line":78,"column":5}},"33":{"start":{"line":74,"column":8},"end":{"line":74,"column":55}},"34":{"start":{"line":75,"column":8},"end":{"line":75,"column":49}},"35":{"start":{"line":77,"column":8},"end":{"line":77,"column":55}},"36":{"start":{"line":81,"column":0},"end":{"line":87,"column":2}}},"fnMap":{"0":{"name":"(anonymous_0)","decl":{"start":{"line":4,"column":22},"end":{"line":4,"column":23}},"loc":{"start":{"line":4,"column":42},"end":{"line":23,"column":1}},"line":4},"1":{"name":"(anonymous_1)","decl":{"start":{"line":26,"column":20},"end":{"line":26,"column":21}},"loc":{"start":{"line":26,"column":40},"end":{"line":33,"column":1}},"line":26},"2":{"name":"(anonymous_2)","decl":{"start":{"line":36,"column":23},"end":{"line":36,"column":24}},"loc":{"start":{"line":36,"column":43},"end":{"line":44,"column":1}},"line":36},"3":{"name":"(anonymous_3)","decl":{"start":{"line":47,"column":22},"end":{"line":47,"column":23}},"loc":{"start":{"line":47,"column":42},"end":{"line":68,"column":3}},"line":47},"4":{"name":"(anonymous_4)","decl":{"start":{"line":72,"column":22},"end":{"line":72,"column":23}},"loc":{"start":{"line":72,"column":42},"end":{"line":79,"column":1}},"line":72}},"branchMap":{"0":{"loc":{"start":{"line":7,"column":26},"end":{"line":7,"column":73}},"type":"cond-expr","locations":[{"start":{"line":7,"column":37},"end":{"line":7,"column":68}},{"start":{"line":7,"column":71},"end":{"line":7,"column":73}}],"line":7},"1":{"loc":{"start":{"line":39,"column":8},"end":{"line":39,"column":84}},"type":"if","locations":[{"start":{"line":39,"column":8},"end":{"line":39,"column":84}},{"start":{},"end":{}}],"line":39},"2":{"loc":{"start":{"line":50,"column":20},"end":{"line":50,"column":55}},"type":"cond-expr","locations":[{"start":{"line":50,"column":31},"end":{"line":50,"column":48}},{"start":{"line":50,"column":51},"end":{"line":50,"column":55}}],"line":50},"3":{"loc":{"start":{"line":60,"column":15},"end":{"line":60,"column":45}},"type":"binary-expr","locations":[{"start":{"line":60,"column":15},"end":{"line":60,"column":20}},{"start":{"line":60,"column":24},"end":{"line":60,"column":45}}],"line":60}},"s":{"0":1,"1":1,"2":0,"3":0,"4":0,"5":0,"6":0,"7":0,"8":0,"9":1,"10":0,"11":0,"12":0,"13":0,"14":1,"15":0,"16":0,"17":0,"18":0,"19":0,"20":0,"21":1,"22":0,"23":0,"24":0,"25":0,"26":0,"27":0,"28":0,"29":0,"30":0,"31":1,"32":0,"33":0,"34":0,"35":0,"36":1},"f":{"0":0,"1":0,"2":0,"3":0,"4":0},"b":{"0":[0,0],"1":[0,0],"2":[0,0],"3":[0,0]},"_coverageSchema":"1a1c01bbd47fc00a2c39e90264f33305004495a9","hash":"321358aace602f02acf649174941e9e64549b03d"}
,"C:\\Users\\Kavya Panneerselvam\\supermarket\\backend\\controllers\\SimilarProducts.js": {"path":"C:\\Users\\Kavya Panneerselvam\\supermarket\\backend\\controllers\\SimilarProducts.js","statementMap":{"0":{"start":{"line":2,"column":16},"end":{"line":2,"column":44}},"1":{"start":{"line":4,"column":27},"end":{"line":22,"column":1}},"2":{"start":{"line":5,"column":17},"end":{"line":5,"column":27}},"3":{"start":{"line":7,"column":2},"end":{"line":21,"column":3}},"4":{"start":{"line":9,"column":27},"end":{"line":9,"column":53}},"5":{"start":{"line":10,"column":4},"end":{"line":10,"column":87}},"6":{"start":{"line":10,"column":25},"end":{"line":10,"column":87}},"7":{"start":{"line":12,"column":28},"end":{"line":15,"column":15}},"8":{"start":{"line":17,"column":4},"end":{"line":17,"column":55}},"9":{"start":{"line":19,"column":4},"end":{"line":19,"column":61}},"10":{"start":{"line":20,"column":4},"end":{"line":20,"column":80}},"11":{"start":{"line":24,"column":0},"end":{"line":24,"column":40}}},"fnMap":{"0":{"name":"(anonymous_0)","decl":{"start":{"line":4,"column":27},"end":{"line":4,"column":28}},"loc":{"start":{"line":4,"column":47},"end":{"line":22,"column":1}},"line":4}},"branchMap":{"0":{"loc":{"start":{"line":10,"column":4},"end":{"line":10,"column":87}},"type":"if","locations":[{"start":{"line":10,"column":4},"end":{"line":10,"column":87}},{"start":{},"end":{}}],"line":10}},"s":{"0":1,"1":1,"2":0,"3":0,"4":0,"5":0,"6":0,"7":0,"8":0,"9":0,"10":0,"11":1},"f":{"0":0},"b":{"0":[0,0]},"_coverageSchema":"1a1c01bbd47fc00a2c39e90264f33305004495a9","hash":"5abea475026118c2b86786d50a9118f0040a7d38"}
,"C:\\Users\\Kavya Panneerselvam\\supermarket\\backend\\controllers\\orderController.js": {"path":"C:\\Users\\Kavya Panneerselvam\\supermarket\\backend\\controllers\\orderController.js","statementMap":{"0":{"start":{"line":1,"column":14},"end":{"line":1,"column":40}},"1":{"start":{"line":4,"column":22},"end":{"line":22,"column":1}},"2":{"start":{"line":5,"column":2},"end":{"line":21,"column":3}},"3":{"start":{"line":6,"column":18},"end":{"line":6,"column":53}},"4":{"start":{"line":7,"column":4},"end":{"line":9,"column":5}},"5":{"start":{"line":8,"column":6},"end":{"line":8,"column":66}},"6":{"start":{"line":11,"column":4},"end":{"line":13,"column":5}},"7":{"start":{"line":12,"column":6},"end":{"line":12,"column":94}},"8":{"start":{"line":15,"column":4},"end":{"line":15,"column":29}},"9":{"start":{"line":16,"column":4},"end":{"line":16,"column":23}},"10":{"start":{"line":18,"column":4},"end":{"line":18,"column":72}},"11":{"start":{"line":20,"column":4},"end":{"line":20,"column":76}},"12":{"start":{"line":24,"column":0},"end":{"line":26,"column":2}}},"fnMap":{"0":{"name":"(anonymous_0)","decl":{"start":{"line":4,"column":22},"end":{"line":4,"column":23}},"loc":{"start":{"line":4,"column":42},"end":{"line":22,"column":1}},"line":4}},"branchMap":{"0":{"loc":{"start":{"line":7,"column":4},"end":{"line":9,"column":5}},"type":"if","locations":[{"start":{"line":7,"column":4},"end":{"line":9,"column":5}},{"start":{},"end":{}}],"line":7},"1":{"loc":{"start":{"line":11,"column":4},"end":{"line":13,"column":5}},"type":"if","locations":[{"start":{"line":11,"column":4},"end":{"line":13,"column":5}},{"start":{},"end":{}}],"line":11},"2":{"loc":{"start":{"line":11,"column":8},"end":{"line":11,"column":66}},"type":"binary-expr","locations":[{"start":{"line":11,"column":8},"end":{"line":11,"column":34}},{"start":{"line":11,"column":38},"end":{"line":11,"column":66}}],"line":11}},"s":{"0":1,"1":1,"2":0,"3":0,"4":0,"5":0,"6":0,"7":0,"8":0,"9":0,"10":0,"11":0,"12":1},"f":{"0":0},"b":{"0":[0,0],"1":[0,0],"2":[0,0]},"_coverageSchema":"1a1c01bbd47fc00a2c39e90264f33305004495a9","hash":"897e9fc6faba93f0ba8cf68e1e30b7c322aa1082"}
,"C:\\Users\\Kavya Panneerselvam\\supermarket\\backend\\middleware\\upload.js": {"path":"C:\\Users\\Kavya Panneerselvam\\supermarket\\backend\\middleware\\upload.js","statementMap":{"0":{"start":{"line":1,"column":15},"end":{"line":1,"column":32}},"1":{"start":{"line":2,"column":13},"end":{"line":2,"column":28}},"2":{"start":{"line":5,"column":16},"end":{"line":13,"column":2}},"3":{"start":{"line":7,"column":4},"end":{"line":7,"column":25}},"4":{"start":{"line":10,"column":23},"end":{"line":10,"column":59}},"5":{"start":{"line":11,"column":4},"end":{"line":11,"column":25}},"6":{"start":{"line":16,"column":19},"end":{"line":22,"column":1}},"7":{"start":{"line":17,"column":23},"end":{"line":17,"column":42}},"8":{"start":{"line":18,"column":21},"end":{"line":18,"column":85}},"9":{"start":{"line":19,"column":22},"end":{"line":19,"column":54}},"10":{"start":{"line":20,"column":2},"end":{"line":21,"column":76}},"11":{"start":{"line":20,"column":33},"end":{"line":20,"column":48}},"12":{"start":{"line":21,"column":7},"end":{"line":21,"column":76}},"13":{"start":{"line":24,"column":15},"end":{"line":28,"column":2}},"14":{"start":{"line":30,"column":0},"end":{"line":30,"column":24}}},"fnMap":{"0":{"name":"(anonymous_0)","decl":{"start":{"line":6,"column":15},"end":{"line":6,"column":16}},"loc":{"start":{"line":6,"column":40},"end":{"line":8,"column":3}},"line":6},"1":{"name":"(anonymous_1)","decl":{"start":{"line":9,"column":12},"end":{"line":9,"column":13}},"loc":{"start":{"line":9,"column":37},"end":{"line":12,"column":3}},"line":9},"2":{"name":"(anonymous_2)","decl":{"start":{"line":16,"column":19},"end":{"line":16,"column":20}},"loc":{"start":{"line":16,"column":38},"end":{"line":22,"column":1}},"line":16}},"branchMap":{"0":{"loc":{"start":{"line":20,"column":2},"end":{"line":21,"column":76}},"type":"if","locations":[{"start":{"line":20,"column":2},"end":{"line":21,"column":76}},{"start":{"line":21,"column":7},"end":{"line":21,"column":76}}],"line":20},"1":{"loc":{"start":{"line":20,"column":6},"end":{"line":20,"column":31}},"type":"binary-expr","locations":[{"start":{"line":20,"column":6},"end":{"line":20,"column":16}},{"start":{"line":20,"column":20},"end":{"line":20,"column":31}}],"line":20}},"s":{"0":1,"1":1,"2":1,"3":0,"4":0,"5":0,"6":1,"7":0,"8":0,"9":0,"10":0,"11":0,"12":0,"13":1,"14":1},"f":{"0":0,"1":0,"2":0},"b":{"0":[0,0],"1":[0,0]},"_coverageSchema":"1a1c01bbd47fc00a2c39e90264f33305004495a9","hash":"cde7e2a41480705e0c4adcdd4eb66290468b6c8d"}
,"C:\\Users\\Kavya Panneerselvam\\supermarket\\backend\\models\\Cart.js": {"path":"C:\\Users\\Kavya Panneerselvam\\supermarket\\backend\\models\\Cart.js","statementMap":{"0":{"start":{"line":1,"column":17},"end":{"line":1,"column":36}},"1":{"start":{"line":3,"column":19},"end":{"line":19,"column":2}},"2":{"start":{"line":21,"column":0},"end":{"line":21,"column":56}}},"fnMap":{},"branchMap":{},"s":{"0":1,"1":1,"2":1},"f":{},"b":{},"_coverageSchema":"1a1c01bbd47fc00a2c39e90264f33305004495a9","hash":"be9d4fa281f3afaef0ab5197d767fe5f72d1c5c4"}
,"C:\\Users\\Kavya Panneerselvam\\supermarket\\backend\\models\\Notification.js": {"path":"C:\\Users\\Kavya Panneerselvam\\supermarket\\backend\\models\\Notification.js","statementMap":{"0":{"start":{"line":1,"column":17},"end":{"line":1,"column":36}},"1":{"start":{"line":3,"column":27},"end":{"line":26,"column":2}},"2":{"start":{"line":28,"column":21},"end":{"line":28,"column":71}},"3":{"start":{"line":29,"column":0},"end":{"line":29,"column":30}}},"fnMap":{},"branchMap":{},"s":{"0":1,"1":1,"2":1,"3":1},"f":{},"b":{},"_coverageSchema":"1a1c01bbd47fc00a2c39e90264f33305004495a9","hash":"cb211daf0dc4936ab4f9817721fd406da6eaef9b"}
,"C:\\Users\\Kavya Panneerselvam\\supermarket\\backend\\models\\Product.js": {"path":"C:\\Users\\Kavya Panneerselvam\\supermarket\\backend\\models\\Product.js","statementMap":{"0":{"start":{"line":1,"column":17},"end":{"line":1,"column":36}},"1":{"start":{"line":3,"column":22},"end":{"line":12,"column":2}},"2":{"start":{"line":14,"column":16},"end":{"line":14,"column":56}},"3":{"start":{"line":16,"column":0},"end":{"line":16,"column":25}}},"fnMap":{},"branchMap":{},"s":{"0":1,"1":1,"2":1,"3":1},"f":{},"b":{},"_coverageSchema":"1a1c01bbd47fc00a2c39e90264f33305004495a9","hash":"3d316bf5e9a3fcf81d608d7991f878a554510c28"}
,"C:\\Users\\Kavya Panneerselvam\\supermarket\\backend\\models\\Reviews.js": {"path":"C:\\Users\\Kavya Panneerselvam\\supermarket\\backend\\models\\Reviews.js","statementMap":{"0":{"start":{"line":1,"column":17},"end":{"line":1,"column":36}},"1":{"start":{"line":3,"column":21},"end":{"line":20,"column":24}},"2":{"start":{"line":22,"column":0},"end":{"line":22,"column":82}}},"fnMap":{},"branchMap":{"0":{"loc":{"start":{"line":22,"column":17},"end":{"line":22,"column":81}},"type":"binary-expr","locations":[{"start":{"line":22,"column":17},"end":{"line":22,"column":39}},{"start":{"line":22,"column":43},"end":{"line":22,"column":81}}],"line":22}},"s":{"0":1,"1":1,"2":1},"f":{},"b":{"0":[1,1]},"_coverageSchema":"1a1c01bbd47fc00a2c39e90264f33305004495a9","hash":"356d7416b98c5c21ab84fb6ae6be58be936d126d"}
,"C:\\Users\\Kavya Panneerselvam\\supermarket\\backend\\models\\order.js": {"path":"C:\\Users\\Kavya Panneerselvam\\supermarket\\backend\\models\\order.js","statementMap":{"0":{"start":{"line":1,"column":17},"end":{"line":1,"column":36}},"1":{"start":{"line":3,"column":20},"end":{"line":34,"column":2}},"2":{"start":{"line":36,"column":14},"end":{"line":36,"column":50}},"3":{"start":{"line":38,"column":0},"end":{"line":38,"column":23}}},"fnMap":{},"branchMap":{},"s":{"0":1,"1":1,"2":1,"3":1},"f":{},"b":{},"_coverageSchema":"1a1c01bbd47fc00a2c39e90264f33305004495a9","hash":"6f1731a0e0197c5f68ca5065b3278f1720f1094f"}
,"C:\\Users\\Kavya Panneerselvam\\supermarket\\backend\\models\\user.js": {"path":"C:\\Users\\Kavya Panneerselvam\\supermarket\\backend\\models\\user.js","statementMap":{"0":{"start":{"line":1,"column":17},"end":{"line":1,"column":36}},"1":{"start":{"line":3,"column":19},"end":{"line":15,"column":2}},"2":{"start":{"line":17,"column":0},"end":{"line":17,"column":56}}},"fnMap":{},"branchMap":{},"s":{"0":1,"1":1,"2":1},"f":{},"b":{},"_coverageSchema":"1a1c01bbd47fc00a2c39e90264f33305004495a9","hash":"f7e99c3cd5337019ad4289b6df23a3b0df7e6127"}
,"C:\\Users\\Kavya Panneerselvam\\supermarket\\backend\\routes\\Customers.js": {"path":"C:\\Users\\Kavya Panneerselvam\\supermarket\\backend\\routes\\Customers.js","statementMap":{"0":{"start":{"line":1,"column":16},"end":{"line":1,"column":34}},"1":{"start":{"line":2,"column":15},"end":{"line":2,"column":31}},"2":{"start":{"line":3,"column":17},"end":{"line":3,"column":42}},"3":{"start":{"line":6,"column":0},"end":{"line":13,"column":3}},"4":{"start":{"line":7,"column":2},"end":{"line":12,"column":3}},"5":{"start":{"line":8,"column":22},"end":{"line":8,"column":43}},"6":{"start":{"line":9,"column":4},"end":{"line":9,"column":24}},"7":{"start":{"line":11,"column":4},"end":{"line":11,"column":51}},"8":{"start":{"line":16,"column":0},"end":{"line":32,"column":3}},"9":{"start":{"line":17,"column":2},"end":{"line":31,"column":3}},"10":{"start":{"line":18,"column":28},"end":{"line":27,"column":5}},"11":{"start":{"line":28,"column":4},"end":{"line":28,"column":30}},"12":{"start":{"line":30,"column":4},"end":{"line":30,"column":51}},"13":{"start":{"line":35,"column":0},"end":{"line":42,"column":3}},"14":{"start":{"line":36,"column":2},"end":{"line":41,"column":3}},"15":{"start":{"line":37,"column":4},"end":{"line":37,"column":52}},"16":{"start":{"line":38,"column":4},"end":{"line":38,"column":59}},"17":{"start":{"line":40,"column":4},"end":{"line":40,"column":51}},"18":{"start":{"line":44,"column":0},"end":{"line":44,"column":24}}},"fnMap":{"0":{"name":"(anonymous_0)","decl":{"start":{"line":6,"column":16},"end":{"line":6,"column":17}},"loc":{"start":{"line":6,"column":36},"end":{"line":13,"column":1}},"line":6},"1":{"name":"(anonymous_1)","decl":{"start":{"line":16,"column":19},"end":{"line":16,"column":20}},"loc":{"start":{"line":16,"column":39},"end":{"line":32,"column":1}},"line":16},"2":{"name":"(anonymous_2)","decl":{"start":{"line":35,"column":22},"end":{"line":35,"column":23}},"loc":{"start":{"line":35,"column":42},"end":{"line":42,"column":1}},"line":35}},"branchMap":{},"s":{"0":1,"1":1,"2":1,"3":1,"4":1,"5":1,"6":1,"7":0,"8":1,"9":0,"10":0,"11":0,"12":0,"13":1,"14":0,"15":0,"16":0,"17":0,"18":1},"f":{"0":1,"1":0,"2":0},"b":{},"_coverageSchema":"1a1c01bbd47fc00a2c39e90264f33305004495a9","hash":"6e90b782f382730a8989270c9011816ad6e540a2"}
,"C:\\Users\\Kavya Panneerselvam\\supermarket\\backend\\routes\\ReviewRoutes.js": {"path":"C:\\Users\\Kavya Panneerselvam\\supermarket\\backend\\routes\\ReviewRoutes.js","statementMap":{"0":{"start":{"line":1,"column":16},"end":{"line":1,"column":34}},"1":{"start":{"line":2,"column":15},"end":{"line":2,"column":31}},"2":{"start":{"line":3,"column":15},"end":{"line":3,"column":43}},"3":{"start":{"line":4,"column":13},"end":{"line":4,"column":38}},"4":{"start":{"line":5,"column":16},"end":{"line":5,"column":44}},"5":{"start":{"line":6,"column":0},"end":{"line":22,"column":3}},"6":{"start":{"line":7,"column":49},"end":{"line":7,"column":57}},"7":{"start":{"line":10,"column":2},"end":{"line":12,"column":3}},"8":{"start":{"line":11,"column":4},"end":{"line":11,"column":72}},"9":{"start":{"line":14,"column":2},"end":{"line":21,"column":3}},"10":{"start":{"line":15,"column":22},"end":{"line":15,"column":72}},"11":{"start":{"line":16,"column":4},"end":{"line":16,"column":27}},"12":{"start":{"line":17,"column":4},"end":{"line":17,"column":90}},"13":{"start":{"line":19,"column":4},"end":{"line":19,"column":51}},"14":{"start":{"line":20,"column":4},"end":{"line":20,"column":72}},"15":{"start":{"line":24,"column":0},"end":{"line":47,"column":3}},"16":{"start":{"line":25,"column":2},"end":{"line":46,"column":3}},"17":{"start":{"line":26,"column":20},"end":{"line":26,"column":57}},"18":{"start":{"line":28,"column":4},"end":{"line":28,"column":80}},"19":{"start":{"line":28,"column":18},"end":{"line":28,"column":80}},"20":{"start":{"line":31,"column":20},"end":{"line":34,"column":13}},"21":{"start":{"line":37,"column":32},"end":{"line":40,"column":7}},"22":{"start":{"line":37,"column":52},"end":{"line":40,"column":5}},"23":{"start":{"line":42,"column":4},"end":{"line":42,"column":70}},"24":{"start":{"line":44,"column":4},"end":{"line":44,"column":50}},"25":{"start":{"line":45,"column":4},"end":{"line":45,"column":71}},"26":{"start":{"line":50,"column":0},"end":{"line":50,"column":24}}},"fnMap":{"0":{"name":"(anonymous_0)","decl":{"start":{"line":6,"column":17},"end":{"line":6,"column":18}},"loc":{"start":{"line":6,"column":37},"end":{"line":22,"column":1}},"line":6},"1":{"name":"(anonymous_1)","decl":{"start":{"line":24,"column":19},"end":{"line":24,"column":20}},"loc":{"start":{"line":24,"column":39},"end":{"line":47,"column":1}},"line":24},"2":{"name":"(anonymous_2)","decl":{"start":{"line":37,"column":44},"end":{"line":37,"column":45}},"loc":{"start":{"line":37,"column":52},"end":{"line":40,"column":5}},"line":37}},"branchMap":{"0":{"loc":{"start":{"line":10,"column":2},"end":{"line":12,"column":3}},"type":"if","locations":[{"start":{"line":10,"column":2},"end":{"line":12,"column":3}},{"start":{},"end":{}}],"line":10},"1":{"loc":{"start":{"line":10,"column":6},"end":{"line":10,"column":38}},"type":"binary-expr","locations":[{"start":{"line":10,"column":6},"end":{"line":10,"column":16}},{"start":{"line":10,"column":20},"end":{"line":10,"column":27}},{"start":{"line":10,"column":31},"end":{"line":10,"column":38}}],"line":10},"2":{"loc":{"start":{"line":28,"column":4},"end":{"line":28,"column":80}},"type":"if","locations":[{"start":{"line":28,"column":4},"end":{"line":28,"column":80}},{"start":{},"end":{}}],"line":28}},"s":{"0":1,"1":1,"2":1,"3":1,"4":1,"5":1,"6":0,"7":0,"8":0,"9":0,"10":0,"11":0,"12":0,"13":0,"14":0,"15":1,"16":0,"17":0,"18":0,"19":0,"20":0,"21":0,"22":0,"23":0,"24":0,"25":0,"26":1},"f":{"0":0,"1":0,"2":0},"b":{"0":[0,0],"1":[0,0,0],"2":[0,0]},"_coverageSchema":"1a1c01bbd47fc00a2c39e90264f33305004495a9","hash":"70fc82673927d45c15968014a4fa41d6762007e2"}
,"C:\\Users\\Kavya Panneerselvam\\supermarket\\backend\\routes\\UserRoutes.js": {"path":"C:\\Users\\Kavya Panneerselvam\\supermarket\\backend\\routes\\UserRoutes.js","statementMap":{"0":{"start":{"line":1,"column":16},"end":{"line":1,"column":34}},"1":{"start":{"line":2,"column":15},"end":{"line":2,"column":31}},"2":{"start":{"line":3,"column":13},"end":{"line":3,"column":38}},"3":{"start":{"line":5,"column":0},"end":{"line":13,"column":3}},"4":{"start":{"line":6,"column":2},"end":{"line":12,"column":3}},"5":{"start":{"line":7,"column":17},"end":{"line":7,"column":51}},"6":{"start":{"line":8,"column":4},"end":{"line":8,"column":74}},"7":{"start":{"line":8,"column":15},"end":{"line":8,"column":74}},"8":{"start":{"line":9,"column":4},"end":{"line":9,"column":19}},"9":{"start":{"line":11,"column":4},"end":{"line":11,"column":54}},"10":{"start":{"line":15,"column":0},"end":{"line":31,"column":5}},"11":{"start":{"line":16,"column":4},"end":{"line":30,"column":5}},"12":{"start":{"line":17,"column":26},"end":{"line":26,"column":7}},"13":{"start":{"line":27,"column":6},"end":{"line":27,"column":28}},"14":{"start":{"line":29,"column":6},"end":{"line":29,"column":63}},"15":{"start":{"line":33,"column":0},"end":{"line":33,"column":24}}},"fnMap":{"0":{"name":"(anonymous_0)","decl":{"start":{"line":5,"column":19},"end":{"line":5,"column":20}},"loc":{"start":{"line":5,"column":39},"end":{"line":13,"column":1}},"line":5},"1":{"name":"(anonymous_1)","decl":{"start":{"line":15,"column":19},"end":{"line":15,"column":20}},"loc":{"start":{"line":15,"column":39},"end":{"line":31,"column":3}},"line":15}},"branchMap":{"0":{"loc":{"start":{"line":8,"column":4},"end":{"line":8,"column":74}},"type":"if","locations":[{"start":{"line":8,"column":4},"end":{"line":8,"column":74}},{"start":{},"end":{}}],"line":8}},"s":{"0":1,"1":1,"2":1,"3":1,"4":0,"5":0,"6":0,"7":0,"8":0,"9":0,"10":1,"11":0,"12":0,"13":0,"14":0,"15":1},"f":{"0":0,"1":0},"b":{"0":[0,0]},"_coverageSchema":"1a1c01bbd47fc00a2c39e90264f33305004495a9","hash":"eeb62b60993faa55f30b0188a107a65dc1c0cd9d"}
,"C:\\Users\\Kavya Panneerselvam\\supermarket\\backend\\routes\\adminroutes.js": {"path":"C:\\Users\\Kavya Panneerselvam\\supermarket\\backend\\routes\\adminroutes.js","statementMap":{"0":{"start":{"line":2,"column":16},"end":{"line":2,"column":34}},"1":{"start":{"line":3,"column":15},"end":{"line":3,"column":31}},"2":{"start":{"line":4,"column":21},"end":{"line":4,"column":54}},"3":{"start":{"line":5,"column":14},"end":{"line":5,"column":40}},"4":{"start":{"line":7,"column":0},"end":{"line":14,"column":3}},"5":{"start":{"line":8,"column":2},"end":{"line":13,"column":3}},"6":{"start":{"line":9,"column":26},"end":{"line":9,"column":104}},"7":{"start":{"line":10,"column":4},"end":{"line":10,"column":40}},"8":{"start":{"line":12,"column":4},"end":{"line":12,"column":69}},"9":{"start":{"line":16,"column":0},"end":{"line":34,"column":3}},"10":{"start":{"line":17,"column":21},"end":{"line":17,"column":29}},"11":{"start":{"line":19,"column":2},"end":{"line":33,"column":3}},"12":{"start":{"line":20,"column":18},"end":{"line":20,"column":94}},"13":{"start":{"line":21,"column":4},"end":{"line":21,"column":38}},"14":{"start":{"line":22,"column":4},"end":{"line":22,"column":76}},"15":{"start":{"line":22,"column":16},"end":{"line":22,"column":76}},"16":{"start":{"line":24,"column":25},"end":{"line":27,"column":6}},"17":{"start":{"line":28,"column":4},"end":{"line":28,"column":30}},"18":{"start":{"line":30,"column":4},"end":{"line":30,"column":77}},"19":{"start":{"line":32,"column":4},"end":{"line":32,"column":62}},"20":{"start":{"line":36,"column":0},"end":{"line":36,"column":24}}},"fnMap":{"0":{"name":"(anonymous_0)","decl":{"start":{"line":7,"column":37},"end":{"line":7,"column":38}},"loc":{"start":{"line":7,"column":57},"end":{"line":14,"column":1}},"line":7},"1":{"name":"(anonymous_1)","decl":{"start":{"line":16,"column":44},"end":{"line":16,"column":45}},"loc":{"start":{"line":16,"column":64},"end":{"line":34,"column":1}},"line":16}},"branchMap":{"0":{"loc":{"start":{"line":22,"column":4},"end":{"line":22,"column":76}},"type":"if","locations":[{"start":{"line":22,"column":4},"end":{"line":22,"column":76}},{"start":{},"end":{}}],"line":22}},"s":{"0":1,"1":1,"2":1,"3":1,"4":1,"5":0,"6":0,"7":0,"8":0,"9":1,"10":0,"11":0,"12":0,"13":0,"14":0,"15":0,"16":0,"17":0,"18":0,"19":0,"20":1},"f":{"0":0,"1":0},"b":{"0":[0,0]},"_coverageSchema":"1a1c01bbd47fc00a2c39e90264f33305004495a9","hash":"3f9e9ac0bb5ed8f74c64480a68bd69ef9c0fac27"}
,"C:\\Users\\Kavya Panneerselvam\\supermarket\\backend\\routes\\auth.js": {"path":"C:\\Users\\Kavya Panneerselvam\\supermarket\\backend\\routes\\auth.js","statementMap":{"0":{"start":{"line":1,"column":16},"end":{"line":1,"column":34}},"1":{"start":{"line":2,"column":15},"end":{"line":2,"column":34}},"2":{"start":{"line":3,"column":12},"end":{"line":3,"column":35}},"3":{"start":{"line":4,"column":13},"end":{"line":4,"column":38}},"4":{"start":{"line":6,"column":15},"end":{"line":6,"column":31}},"5":{"start":{"line":8,"column":0},"end":{"line":14,"column":3}},"6":{"start":{"line":9,"column":52},"end":{"line":9,"column":60}},"7":{"start":{"line":10,"column":25},"end":{"line":10,"column":56}},"8":{"start":{"line":11,"column":15},"end":{"line":11,"column":82}},"9":{"start":{"line":12,"column":2},"end":{"line":12,"column":20}},"10":{"start":{"line":13,"column":2},"end":{"line":13,"column":44}},"11":{"start":{"line":16,"column":0},"end":{"line":31,"column":3}},"12":{"start":{"line":17,"column":30},"end":{"line":17,"column":38}},"13":{"start":{"line":18,"column":15},"end":{"line":18,"column":44}},"14":{"start":{"line":19,"column":2},"end":{"line":19,"column":70}},"15":{"start":{"line":19,"column":13},"end":{"line":19,"column":70}},"16":{"start":{"line":21,"column":18},"end":{"line":21,"column":63}},"17":{"start":{"line":22,"column":2},"end":{"line":22,"column":78}},"18":{"start":{"line":22,"column":16},"end":{"line":22,"column":78}},"19":{"start":{"line":24,"column":16},"end":{"line":24,"column":87}},"20":{"start":{"line":25,"column":20},"end":{"line":25,"column":57}},"21":{"start":{"line":26,"column":2},"end":{"line":30,"column":5}},"22":{"start":{"line":36,"column":0},"end":{"line":36,"column":24}}},"fnMap":{"0":{"name":"(anonymous_0)","decl":{"start":{"line":8,"column":23},"end":{"line":8,"column":24}},"loc":{"start":{"line":8,"column":43},"end":{"line":14,"column":1}},"line":8},"1":{"name":"(anonymous_1)","decl":{"start":{"line":16,"column":22},"end":{"line":16,"column":23}},"loc":{"start":{"line":16,"column":42},"end":{"line":31,"column":1}},"line":16}},"branchMap":{"0":{"loc":{"start":{"line":19,"column":2},"end":{"line":19,"column":70}},"type":"if","locations":[{"start":{"line":19,"column":2},"end":{"line":19,"column":70}},{"start":{},"end":{}}],"line":19},"1":{"loc":{"start":{"line":22,"column":2},"end":{"line":22,"column":78}},"type":"if","locations":[{"start":{"line":22,"column":2},"end":{"line":22,"column":78}},{"start":{},"end":{}}],"line":22}},"s":{"0":1,"1":1,"2":1,"3":1,"4":1,"5":1,"6":0,"7":0,"8":0,"9":0,"10":0,"11":1,"12":0,"13":0,"14":0,"15":0,"16":0,"17":0,"18":0,"19":0,"20":0,"21":0,"22":1},"f":{"0":0,"1":0},"b":{"0":[0,0],"1":[0,0]},"_coverageSchema":"1a1c01bbd47fc00a2c39e90264f33305004495a9","hash":"eb96865c4384183189147d6740f2c4a9ed7c54d6"}
,"C:\\Users\\Kavya Panneerselvam\\supermarket\\backend\\routes\\cart.js": {"path":"C:\\Users\\Kavya Panneerselvam\\supermarket\\backend\\routes\\cart.js","statementMap":{"0":{"start":{"line":1,"column":16},"end":{"line":1,"column":34}},"1":{"start":{"line":2,"column":15},"end":{"line":2,"column":31}},"2":{"start":{"line":3,"column":13},"end":{"line":3,"column":38}},"3":{"start":{"line":4,"column":16},"end":{"line":4,"column":44}},"4":{"start":{"line":7,"column":0},"end":{"line":35,"column":5}},"5":{"start":{"line":8,"column":29},"end":{"line":8,"column":37}},"6":{"start":{"line":10,"column":4},"end":{"line":34,"column":5}},"7":{"start":{"line":11,"column":17},"end":{"line":11,"column":47}},"8":{"start":{"line":13,"column":6},"end":{"line":27,"column":7}},"9":{"start":{"line":15,"column":8},"end":{"line":15,"column":51}},"10":{"start":{"line":18,"column":29},"end":{"line":20,"column":9}},"11":{"start":{"line":19,"column":17},"end":{"line":19,"column":37}},"12":{"start":{"line":22,"column":8},"end":{"line":26,"column":9}},"13":{"start":{"line":23,"column":10},"end":{"line":23,"column":49}},"14":{"start":{"line":25,"column":10},"end":{"line":25,"column":32}},"15":{"start":{"line":29,"column":6},"end":{"line":29,"column":24}},"16":{"start":{"line":30,"column":6},"end":{"line":30,"column":68}},"17":{"start":{"line":32,"column":6},"end":{"line":32,"column":52}},"18":{"start":{"line":33,"column":6},"end":{"line":33,"column":63}},"19":{"start":{"line":37,"column":0},"end":{"line":47,"column":3}},"20":{"start":{"line":38,"column":21},"end":{"line":38,"column":31}},"21":{"start":{"line":39,"column":2},"end":{"line":46,"column":3}},"22":{"start":{"line":40,"column":17},"end":{"line":40,"column":70}},"23":{"start":{"line":41,"column":4},"end":{"line":41,"column":46}},"24":{"start":{"line":41,"column":15},"end":{"line":41,"column":46}},"25":{"start":{"line":42,"column":4},"end":{"line":42,"column":19}},"26":{"start":{"line":44,"column":4},"end":{"line":44,"column":49}},"27":{"start":{"line":45,"column":4},"end":{"line":45,"column":58}},"28":{"start":{"line":49,"column":0},"end":{"line":71,"column":3}},"29":{"start":{"line":50,"column":21},"end":{"line":50,"column":31}},"30":{"start":{"line":51,"column":33},"end":{"line":51,"column":41}},"31":{"start":{"line":53,"column":2},"end":{"line":70,"column":3}},"32":{"start":{"line":54,"column":17},"end":{"line":54,"column":47}},"33":{"start":{"line":56,"column":4},"end":{"line":56,"column":74}},"34":{"start":{"line":56,"column":15},"end":{"line":56,"column":74}},"35":{"start":{"line":58,"column":25},"end":{"line":58,"column":72}},"36":{"start":{"line":58,"column":49},"end":{"line":58,"column":71}},"37":{"start":{"line":60,"column":4},"end":{"line":61,"column":73}},"38":{"start":{"line":61,"column":6},"end":{"line":61,"column":73}},"39":{"start":{"line":63,"column":4},"end":{"line":63,"column":37}},"40":{"start":{"line":65,"column":4},"end":{"line":65,"column":22}},"41":{"start":{"line":66,"column":4},"end":{"line":66,"column":65}},"42":{"start":{"line":68,"column":4},"end":{"line":68,"column":42}},"43":{"start":{"line":69,"column":4},"end":{"line":69,"column":61}},"44":{"start":{"line":74,"column":0},"end":{"line":91,"column":3}},"45":{"start":{"line":75,"column":21},"end":{"line":75,"column":31}},"46":{"start":{"line":76,"column":23},"end":{"line":76,"column":31}},"47":{"start":{"line":78,"column":2},"end":{"line":90,"column":3}},"48":{"start":{"line":79,"column":17},"end":{"line":79,"column":47}},"49":{"start":{"line":81,"column":4},"end":{"line":81,"column":74}},"50":{"start":{"line":81,"column":15},"end":{"line":81,"column":74}},"51":{"start":{"line":83,"column":4},"end":{"line":83,"column":67}},"52":{"start":{"line":83,"column":43},"end":{"line":83,"column":65}},"53":{"start":{"line":84,"column":4},"end":{"line":84,"column":22}},"54":{"start":{"line":86,"column":4},"end":{"line":86,"column":71}},"55":{"start":{"line":88,"column":4},"end":{"line":88,"column":54}},"56":{"start":{"line":89,"column":4},"end":{"line":89,"column":61}},"57":{"start":{"line":94,"column":0},"end":{"line":103,"column":3}},"58":{"start":{"line":95,"column":21},"end":{"line":95,"column":31}},"59":{"start":{"line":96,"column":2},"end":{"line":96,"column":22}},"60":{"start":{"line":97,"column":2},"end":{"line":102,"column":3}},"61":{"start":{"line":98,"column":4},"end":{"line":98,"column":59}},"62":{"start":{"line":99,"column":4},"end":{"line":99,"column":65}},"63":{"start":{"line":101,"column":4},"end":{"line":101,"column":61}},"64":{"start":{"line":107,"column":0},"end":{"line":107,"column":24}}},"fnMap":{"0":{"name":"(anonymous_0)","decl":{"start":{"line":7,"column":20},"end":{"line":7,"column":21}},"loc":{"start":{"line":7,"column":40},"end":{"line":35,"column":3}},"line":7},"1":{"name":"(anonymous_1)","decl":{"start":{"line":19,"column":10},"end":{"line":19,"column":11}},"loc":{"start":{"line":19,"column":17},"end":{"line":19,"column":37}},"line":19},"2":{"name":"(anonymous_2)","decl":{"start":{"line":37,"column":23},"end":{"line":37,"column":24}},"loc":{"start":{"line":37,"column":43},"end":{"line":47,"column":1}},"line":37},"3":{"name":"(anonymous_3)","decl":{"start":{"line":49,"column":30},"end":{"line":49,"column":31}},"loc":{"start":{"line":49,"column":50},"end":{"line":71,"column":1}},"line":49},"4":{"name":"(anonymous_4)","decl":{"start":{"line":58,"column":41},"end":{"line":58,"column":42}},"loc":{"start":{"line":58,"column":49},"end":{"line":58,"column":71}},"line":58},"5":{"name":"(anonymous_5)","decl":{"start":{"line":74,"column":33},"end":{"line":74,"column":34}},"loc":{"start":{"line":74,"column":53},"end":{"line":91,"column":1}},"line":74},"6":{"name":"(anonymous_6)","decl":{"start":{"line":83,"column":35},"end":{"line":83,"column":36}},"loc":{"start":{"line":83,"column":43},"end":{"line":83,"column":65}},"line":83},"7":{"name":"(anonymous_7)","decl":{"start":{"line":94,"column":32},"end":{"line":94,"column":33}},"loc":{"start":{"line":94,"column":52},"end":{"line":103,"column":1}},"line":94}},"branchMap":{"0":{"loc":{"start":{"line":13,"column":6},"end":{"line":27,"column":7}},"type":"if","locations":[{"start":{"line":13,"column":6},"end":{"line":27,"column":7}},{"start":{"line":16,"column":13},"end":{"line":27,"column":7}}],"line":13},"1":{"loc":{"start":{"line":22,"column":8},"end":{"line":26,"column":9}},"type":"if","locations":[{"start":{"line":22,"column":8},"end":{"line":26,"column":9}},{"start":{"line":24,"column":15},"end":{"line":26,"column":9}}],"line":22},"2":{"loc":{"start":{"line":41,"column":4},"end":{"line":41,"column":46}},"type":"if","locations":[{"start":{"line":41,"column":4},"end":{"line":41,"column":46}},{"start":{},"end":{}}],"line":41},"3":{"loc":{"start":{"line":56,"column":4},"end":{"line":56,"column":74}},"type":"if","locations":[{"start":{"line":56,"column":4},"end":{"line":56,"column":74}},{"start":{},"end":{}}],"line":56},"4":{"loc":{"start":{"line":60,"column":4},"end":{"line":61,"column":73}},"type":"if","locations":[{"start":{"line":60,"column":4},"end":{"line":61,"column":73}},{"start":{},"end":{}}],"line":60},"5":{"loc":{"start":{"line":81,"column":4},"end":{"line":81,"column":74}},"type":"if","locations":[{"start":{"line":81,"column":4},"end":{"line":81,"column":74}},{"start":{},"end":{}}],"line":81}},"s":{"0":1,"1":1,"2":1,"3":1,"4":1,"5":0,"6":0,"7":0,"8":0,"9":0,"10":0,"11":0,"12":0,"13":0,"14":0,"15":0,"16":0,"17":0,"18":0,"19":1,"20":0,"21":0,"22":0,"23":0,"24":0,"25":0,"26":0,"27":0,"28":1,"29":0,"30":0,"31":0,"32":0,"33":0,"34":0,"35":0,"36":0,"37":0,"38":0,"39":0,"40":0,"41":0,"42":0,"43":0,"44":1,"45":0,"46":0,"47":0,"48":0,"49":0,"50":0,"51":0,"52":0,"53":0,"54":0,"55":0,"56":0,"57":1,"58":0,"59":0,"60":0,"61":0,"62":0,"63":0,"64":1},"f":{"0":0,"1":0,"2":0,"3":0,"4":0,"5":0,"6":0,"7":0},"b":{"0":[0,0],"1":[0,0],"2":[0,0],"3":[0,0],"4":[0,0],"5":[0,0]},"_coverageSchema":"1a1c01bbd47fc00a2c39e90264f33305004495a9","hash":"6baa9f0b02ebf6aec1e1949d0d76d65f4677e252"}
,"C:\\Users\\Kavya Panneerselvam\\supermarket\\backend\\routes\\notification.js": {"path":"C:\\Users\\Kavya Panneerselvam\\supermarket\\backend\\routes\\notification.js","statementMap":{"0":{"start":{"line":1,"column":16},"end":{"line":1,"column":34}},"1":{"start":{"line":2,"column":15},"end":{"line":2,"column":31}},"2":{"start":{"line":3,"column":21},"end":{"line":3,"column":54}},"3":{"start":{"line":5,"column":0},"end":{"line":22,"column":3}},"4":{"start":{"line":6,"column":39},"end":{"line":6,"column":47}},"5":{"start":{"line":8,"column":2},"end":{"line":21,"column":3}},"6":{"start":{"line":10,"column":25},"end":{"line":14,"column":6}},"7":{"start":{"line":16,"column":4},"end":{"line":16,"column":30}},"8":{"start":{"line":17,"column":4},"end":{"line":17,"column":75}},"9":{"start":{"line":19,"column":4},"end":{"line":19,"column":57}},"10":{"start":{"line":20,"column":4},"end":{"line":20,"column":71}},"11":{"start":{"line":24,"column":0},"end":{"line":31,"column":3}},"12":{"start":{"line":25,"column":2},"end":{"line":30,"column":3}},"13":{"start":{"line":26,"column":26},"end":{"line":26,"column":104}},"14":{"start":{"line":27,"column":4},"end":{"line":27,"column":28}},"15":{"start":{"line":29,"column":4},"end":{"line":29,"column":69}},"16":{"start":{"line":33,"column":0},"end":{"line":46,"column":3}},"17":{"start":{"line":34,"column":2},"end":{"line":45,"column":3}},"18":{"start":{"line":35,"column":23},"end":{"line":35,"column":33}},"19":{"start":{"line":36,"column":4},"end":{"line":36,"column":24}},"20":{"start":{"line":37,"column":33},"end":{"line":40,"column":5}},"21":{"start":{"line":41,"column":4},"end":{"line":41,"column":70}},"22":{"start":{"line":43,"column":4},"end":{"line":43,"column":65}},"23":{"start":{"line":44,"column":4},"end":{"line":44,"column":77}},"24":{"start":{"line":49,"column":0},"end":{"line":49,"column":24}}},"fnMap":{"0":{"name":"(anonymous_0)","decl":{"start":{"line":5,"column":17},"end":{"line":5,"column":18}},"loc":{"start":{"line":5,"column":37},"end":{"line":22,"column":1}},"line":5},"1":{"name":"(anonymous_1)","decl":{"start":{"line":24,"column":23},"end":{"line":24,"column":24}},"loc":{"start":{"line":24,"column":43},"end":{"line":31,"column":1}},"line":24},"2":{"name":"(anonymous_2)","decl":{"start":{"line":33,"column":33},"end":{"line":33,"column":34}},"loc":{"start":{"line":33,"column":53},"end":{"line":46,"column":1}},"line":33}},"branchMap":{},"s":{"0":1,"1":1,"2":1,"3":1,"4":0,"5":0,"6":0,"7":0,"8":0,"9":0,"10":0,"11":1,"12":0,"13":0,"14":0,"15":0,"16":1,"17":0,"18":0,"19":0,"20":0,"21":0,"22":0,"23":0,"24":1},"f":{"0":0,"1":0,"2":0},"b":{},"_coverageSchema":"1a1c01bbd47fc00a2c39e90264f33305004495a9","hash":"77c789e97a6c3a6738b05821fb428d3f138b58f4"}
,"C:\\Users\\Kavya Panneerselvam\\supermarket\\backend\\routes\\order.js": {"path":"C:\\Users\\Kavya Panneerselvam\\supermarket\\backend\\routes\\order.js","statementMap":{"0":{"start":{"line":1,"column":16},"end":{"line":1,"column":34}},"1":{"start":{"line":2,"column":15},"end":{"line":2,"column":31}},"2":{"start":{"line":3,"column":14},"end":{"line":3,"column":40}},"3":{"start":{"line":4,"column":16},"end":{"line":4,"column":44}},"4":{"start":{"line":5,"column":17},"end":{"line":5,"column":36}},"5":{"start":{"line":6,"column":19},"end":{"line":6,"column":40}},"6":{"start":{"line":7,"column":0},"end":{"line":7,"column":27}},"7":{"start":{"line":8,"column":13},"end":{"line":8,"column":38}},"8":{"start":{"line":11,"column":4},"end":{"line":11,"column":45}},"9":{"start":{"line":13,"column":0},"end":{"line":78,"column":3}},"10":{"start":{"line":14,"column":50},"end":{"line":14,"column":58}},"11":{"start":{"line":16,"column":2},"end":{"line":77,"column":3}},"12":{"start":{"line":17,"column":4},"end":{"line":30,"column":5}},"13":{"start":{"line":18,"column":22},"end":{"line":18,"column":64}},"14":{"start":{"line":20,"column":6},"end":{"line":22,"column":7}},"15":{"start":{"line":21,"column":8},"end":{"line":21,"column":84}},"16":{"start":{"line":24,"column":6},"end":{"line":26,"column":7}},"17":{"start":{"line":25,"column":8},"end":{"line":25,"column":91}},"18":{"start":{"line":28,"column":6},"end":{"line":28,"column":37}},"19":{"start":{"line":29,"column":6},"end":{"line":29,"column":27}},"20":{"start":{"line":32,"column":18},"end":{"line":40,"column":6}},"21":{"start":{"line":42,"column":4},"end":{"line":42,"column":23}},"22":{"start":{"line":45,"column":17},"end":{"line":45,"column":44}},"23":{"start":{"line":46,"column":4},"end":{"line":48,"column":5}},"24":{"start":{"line":47,"column":6},"end":{"line":47,"column":92}},"25":{"start":{"line":51,"column":24},"end":{"line":57,"column":6}},"26":{"start":{"line":60,"column":21},"end":{"line":62,"column":17}},"27":{"start":{"line":61,"column":19},"end":{"line":61,"column":84}},"28":{"start":{"line":64,"column":24},"end":{"line":69,"column":5}},"29":{"start":{"line":71,"column":4},"end":{"line":71,"column":44}},"30":{"start":{"line":73,"column":4},"end":{"line":73,"column":75}},"31":{"start":{"line":75,"column":4},"end":{"line":75,"column":49}},"32":{"start":{"line":76,"column":4},"end":{"line":76,"column":61}},"33":{"start":{"line":82,"column":0},"end":{"line":90,"column":3}},"34":{"start":{"line":83,"column":2},"end":{"line":89,"column":3}},"35":{"start":{"line":84,"column":19},"end":{"line":84,"column":72}},"36":{"start":{"line":85,"column":4},"end":{"line":85,"column":33}},"37":{"start":{"line":87,"column":4},"end":{"line":87,"column":51}},"38":{"start":{"line":88,"column":4},"end":{"line":88,"column":64}},"39":{"start":{"line":93,"column":0},"end":{"line":110,"column":3}},"40":{"start":{"line":94,"column":17},"end":{"line":94,"column":33}},"41":{"start":{"line":96,"column":2},"end":{"line":109,"column":3}},"42":{"start":{"line":97,"column":19},"end":{"line":99,"column":13}},"43":{"start":{"line":101,"column":4},"end":{"line":103,"column":5}},"44":{"start":{"line":102,"column":6},"end":{"line":102,"column":80}},"45":{"start":{"line":105,"column":4},"end":{"line":105,"column":33}},"46":{"start":{"line":107,"column":4},"end":{"line":107,"column":56}},"47":{"start":{"line":108,"column":4},"end":{"line":108,"column":64}},"48":{"start":{"line":112,"column":0},"end":{"line":112,"column":39}},"49":{"start":{"line":115,"column":0},"end":{"line":127,"column":3}},"50":{"start":{"line":116,"column":2},"end":{"line":126,"column":3}},"51":{"start":{"line":117,"column":18},"end":{"line":117,"column":53}},"52":{"start":{"line":118,"column":4},"end":{"line":118,"column":76}},"53":{"start":{"line":118,"column":16},"end":{"line":118,"column":76}},"54":{"start":{"line":120,"column":4},"end":{"line":120,"column":31}},"55":{"start":{"line":121,"column":4},"end":{"line":121,"column":23}},"56":{"start":{"line":123,"column":4},"end":{"line":123,"column":55}},"57":{"start":{"line":125,"column":4},"end":{"line":125,"column":51}},"58":{"start":{"line":130,"column":0},"end":{"line":142,"column":3}},"59":{"start":{"line":131,"column":2},"end":{"line":141,"column":3}},"60":{"start":{"line":132,"column":18},"end":{"line":132,"column":53}},"61":{"start":{"line":133,"column":4},"end":{"line":133,"column":76}},"62":{"start":{"line":133,"column":16},"end":{"line":133,"column":76}},"63":{"start":{"line":135,"column":4},"end":{"line":135,"column":31}},"64":{"start":{"line":136,"column":4},"end":{"line":136,"column":23}},"65":{"start":{"line":138,"column":4},"end":{"line":138,"column":58}},"66":{"start":{"line":140,"column":4},"end":{"line":140,"column":51}},"67":{"start":{"line":145,"column":0},"end":{"line":145,"column":24}}},"fnMap":{"0":{"name":"(anonymous_0)","decl":{"start":{"line":13,"column":17},"end":{"line":13,"column":18}},"loc":{"start":{"line":13,"column":37},"end":{"line":78,"column":1}},"line":13},"1":{"name":"(anonymous_1)","decl":{"start":{"line":61,"column":11},"end":{"line":61,"column":12}},"loc":{"start":{"line":61,"column":19},"end":{"line":61,"column":84}},"line":61},"2":{"name":"(anonymous_2)","decl":{"start":{"line":82,"column":19},"end":{"line":82,"column":20}},"loc":{"start":{"line":82,"column":39},"end":{"line":90,"column":1}},"line":82},"3":{"name":"(anonymous_3)","decl":{"start":{"line":93,"column":24},"end":{"line":93,"column":25}},"loc":{"start":{"line":93,"column":44},"end":{"line":110,"column":1}},"line":93},"4":{"name":"(anonymous_4)","decl":{"start":{"line":115,"column":27},"end":{"line":115,"column":28}},"loc":{"start":{"line":115,"column":47},"end":{"line":127,"column":1}},"line":115},"5":{"name":"(anonymous_5)","decl":{"start":{"line":130,"column":26},"end":{"line":130,"column":27}},"loc":{"start":{"line":130,"column":46},"end":{"line":142,"column":1}},"line":130}},"branchMap":{"0":{"loc":{"start":{"line":20,"column":6},"end":{"line":22,"column":7}},"type":"if","locations":[{"start":{"line":20,"column":6},"end":{"line":22,"column":7}},{"start":{},"end":{}}],"line":20},"1":{"loc":{"start":{"line":24,"column":6},"end":{"line":26,"column":7}},"type":"if","locations":[{"start":{"line":24,"column":6},"end":{"line":26,"column":7}},{"start":{},"end":{}}],"line":24},"2":{"loc":{"start":{"line":46,"column":4},"end":{"line":48,"column":5}},"type":"if","locations":[{"start":{"line":46,"column":4},"end":{"line":48,"column":5}},{"start":{},"end":{}}],"line":46},"3":{"loc":{"start":{"line":46,"column":8},"end":{"line":46,"column":28}},"type":"binary-expr","locations":[{"start":{"line":46,"column":8},"end":{"line":46,"column":13}},{"start":{"line":46,"column":17},"end":{"line":46,"column":28}}],"line":46},"4":{"loc":{"start":{"line":101,"column":4},"end":{"line":103,"column":5}},"type":"if","locations":[{"start":{"line":101,"column":4},"end":{"line":103,"column":5}},{"start":{},"end":{}}],"line":101},"5":{"loc":{"start":{"line":118,"column":4},"end":{"line":118,"column":76}},"type":"if","locations":[{"start":{"line":118,"column":4},"end":{"line":118,"column":76}},{"start":{},"end":{}}],"line":118},"6":{"loc":{"start":{"line":133,"column":4},"end":{"line":133,"column":76}},"type":"if","locations":[{"start":{"line":133,"column":4},"end":{"line":133,"column":76}},{"start":{},"end":{}}],"line":133}},"s":{"0":1,"1":1,"2":1,"3":1,"4":1,"5":1,"6":1,"7":1,"8":1,"9":1,"10":0,"11":0,"12":0,"13":0,"14":0,"15":0,"16":0,"17":0,"18":0,"19":0,"20":0,"21":0,"22":0,"23":0,"24":0,"25":0,"26":0,"27":0,"28":0,"29":0,"30":0,"31":0,"32":0,"33":1,"34":0,"35":0,"36":0,"37":0,"38":0,"39":1,"40":0,"41":0,"42":0,"43":0,"44":0,"45":0,"46":0,"47":0,"48":1,"49":1,"50":0,"51":0,"52":0,"53":0,"54":0,"55":0,"56":0,"57":0,"58":1,"59":0,"60":0,"61":0,"62":0,"63":0,"64":0,"65":0,"66":0,"67":1},"f":{"0":0,"1":0,"2":0,"3":0,"4":0,"5":0},"b":{"0":[0,0],"1":[0,0],"2":[0,0],"3":[0,0],"4":[0,0],"5":[0,0],"6":[0,0]},"_coverageSchema":"1a1c01bbd47fc00a2c39e90264f33305004495a9","hash":"95998e8b5162a20387a8834eac86de9e4dff5695"}
,"C:\\Users\\Kavya Panneerselvam\\supermarket\\backend\\routes\\productRoutes.js": {"path":"C:\\Users\\Kavya Panneerselvam\\supermarket\\backend\\routes\\productRoutes.js","statementMap":{"0":{"start":{"line":1,"column":16},"end":{"line":1,"column":34}},"1":{"start":{"line":2,"column":15},"end":{"line":2,"column":31}},"2":{"start":{"line":3,"column":15},"end":{"line":3,"column":46}},"3":{"start":{"line":10,"column":4},"end":{"line":10,"column":47}},"4":{"start":{"line":11,"column":31},"end":{"line":11,"column":72}},"5":{"start":{"line":12,"column":0},"end":{"line":12,"column":56}},"6":{"start":{"line":13,"column":0},"end":{"line":13,"column":29}},"7":{"start":{"line":14,"column":0},"end":{"line":14,"column":35}},"8":{"start":{"line":15,"column":0},"end":{"line":15,"column":58}},"9":{"start":{"line":16,"column":0},"end":{"line":16,"column":37}},"10":{"start":{"line":17,"column":0},"end":{"line":17,"column":47}},"11":{"start":{"line":18,"column":0},"end":{"line":18,"column":24}}},"fnMap":{},"branchMap":{},"s":{"0":1,"1":1,"2":1,"3":1,"4":1,"5":1,"6":1,"7":1,"8":1,"9":1,"10":1,"11":1},"f":{},"b":{},"_coverageSchema":"1a1c01bbd47fc00a2c39e90264f33305004495a9","hash":"8328db5791a474d447d8ed24eaa2d44c29deeae4"}
,"C:\\Users\\Kavya Panneerselvam\\supermarket\\backend\\routes\\salesReport.js": {"path":"C:\\Users\\Kavya Panneerselvam\\supermarket\\backend\\routes\\salesReport.js","statementMap":{"0":{"start":{"line":1,"column":16},"end":{"line":1,"column":34}},"1":{"start":{"line":2,"column":15},"end":{"line":2,"column":31}},"2":{"start":{"line":3,"column":14},"end":{"line":3,"column":40}},"3":{"start":{"line":4,"column":16},"end":{"line":4,"column":44}},"4":{"start":{"line":5,"column":17},"end":{"line":5,"column":36}},"5":{"start":{"line":6,"column":19},"end":{"line":6,"column":38}},"6":{"start":{"line":7,"column":11},"end":{"line":7,"column":24}},"7":{"start":{"line":8,"column":13},"end":{"line":8,"column":28}},"8":{"start":{"line":10,"column":19},"end":{"line":10,"column":71}},"9":{"start":{"line":10,"column":29},"end":{"line":10,"column":71}},"10":{"start":{"line":12,"column":0},"end":{"line":71,"column":3}},"11":{"start":{"line":13,"column":2},"end":{"line":70,"column":3}},"12":{"start":{"line":14,"column":35},"end":{"line":14,"column":44}},"13":{"start":{"line":15,"column":18},"end":{"line":15,"column":74}},"14":{"start":{"line":16,"column":16},"end":{"line":16,"column":56}},"15":{"start":{"line":18,"column":19},"end":{"line":20,"column":6}},"16":{"start":{"line":22,"column":24},"end":{"line":22,"column":37}},"17":{"start":{"line":23,"column":23},"end":{"line":23,"column":80}},"18":{"start":{"line":23,"column":53},"end":{"line":23,"column":76}},"19":{"start":{"line":24,"column":27},"end":{"line":24,"column":124}},"20":{"start":{"line":24,"column":57},"end":{"line":24,"column":120}},"21":{"start":{"line":24,"column":97},"end":{"line":24,"column":116}},"22":{"start":{"line":26,"column":28},"end":{"line":26,"column":37}},"23":{"start":{"line":27,"column":4},"end":{"line":37,"column":5}},"24":{"start":{"line":28,"column":6},"end":{"line":36,"column":7}},"25":{"start":{"line":29,"column":8},"end":{"line":31,"column":9}},"26":{"start":{"line":30,"column":10},"end":{"line":30,"column":70}},"27":{"start":{"line":32,"column":21},"end":{"line":32,"column":51}},"28":{"start":{"line":33,"column":8},"end":{"line":33,"column":39}},"29":{"start":{"line":34,"column":8},"end":{"line":34,"column":51}},"30":{"start":{"line":35,"column":8},"end":{"line":35,"column":45}},"31":{"start":{"line":39,"column":25},"end":{"line":39,"column":107}},"32":{"start":{"line":39,"column":87},"end":{"line":39,"column":105}},"33":{"start":{"line":40,"column":24},"end":{"line":40,"column":88}},"34":{"start":{"line":40,"column":52},"end":{"line":40,"column":75}},"35":{"start":{"line":43,"column":21},"end":{"line":43,"column":41}},"36":{"start":{"line":44,"column":29},"end":{"line":44,"column":38}},"37":{"start":{"line":45,"column":4},"end":{"line":52,"column":5}},"38":{"start":{"line":46,"column":26},"end":{"line":46,"column":66}},"39":{"start":{"line":46,"column":45},"end":{"line":46,"column":65}},"40":{"start":{"line":47,"column":6},"end":{"line":51,"column":7}},"41":{"start":{"line":48,"column":20},"end":{"line":48,"column":40}},"42":{"start":{"line":49,"column":8},"end":{"line":49,"column":69}},"43":{"start":{"line":49,"column":40},"end":{"line":49,"column":69}},"44":{"start":{"line":50,"column":8},"end":{"line":50,"column":76}},"45":{"start":{"line":53,"column":33},"end":{"line":53,"column":125}},"46":{"start":{"line":53,"column":102},"end":{"line":53,"column":123}},"47":{"start":{"line":55,"column":21},"end":{"line":55,"column":55}},"48":{"start":{"line":55,"column":42},"end":{"line":55,"column":54}},"49":{"start":{"line":57,"column":4},"end":{"line":66,"column":7}},"50":{"start":{"line":68,"column":4},"end":{"line":68,"column":53}},"51":{"start":{"line":69,"column":4},"end":{"line":69,"column":67}},"52":{"start":{"line":74,"column":0},"end":{"line":121,"column":3}},"53":{"start":{"line":75,"column":2},"end":{"line":120,"column":3}},"54":{"start":{"line":76,"column":19},"end":{"line":76,"column":70}},"55":{"start":{"line":78,"column":20},"end":{"line":95,"column":6}},"56":{"start":{"line":79,"column":24},"end":{"line":79,"column":69}},"57":{"start":{"line":79,"column":48},"end":{"line":79,"column":57}},"58":{"start":{"line":80,"column":25},"end":{"line":80,"column":71}},"59":{"start":{"line":80,"column":49},"end":{"line":80,"column":59}},"60":{"start":{"line":81,"column":29},"end":{"line":81,"column":78}},"61":{"start":{"line":81,"column":53},"end":{"line":81,"column":66}},"62":{"start":{"line":83,"column":6},"end":{"line":94,"column":8}},"63":{"start":{"line":97,"column":19},"end":{"line":108,"column":5}},"64":{"start":{"line":110,"column":19},"end":{"line":110,"column":41}},"65":{"start":{"line":111,"column":16},"end":{"line":111,"column":37}},"66":{"start":{"line":113,"column":21},"end":{"line":113,"column":72}},"67":{"start":{"line":114,"column":4},"end":{"line":114,"column":36}},"68":{"start":{"line":116,"column":4},"end":{"line":116,"column":27}},"69":{"start":{"line":118,"column":4},"end":{"line":118,"column":44}},"70":{"start":{"line":119,"column":4},"end":{"line":119,"column":60}},"71":{"start":{"line":123,"column":0},"end":{"line":123,"column":24}}},"fnMap":{"0":{"name":"(anonymous_0)","decl":{"start":{"line":10,"column":19},"end":{"line":10,"column":20}},"loc":{"start":{"line":10,"column":29},"end":{"line":10,"column":71}},"line":10},"1":{"name":"(anonymous_1)","decl":{"start":{"line":12,"column":28},"end":{"line":12,"column":29}},"loc":{"start":{"line":12,"column":48},"end":{"line":71,"column":1}},"line":12},"2":{"name":"(anonymous_2)","decl":{"start":{"line":23,"column":37},"end":{"line":23,"column":38}},"loc":{"start":{"line":23,"column":53},"end":{"line":23,"column":76}},"line":23},"3":{"name":"(anonymous_3)","decl":{"start":{"line":24,"column":41},"end":{"line":24,"column":42}},"loc":{"start":{"line":24,"column":57},"end":{"line":24,"column":120}},"line":24},"4":{"name":"(anonymous_4)","decl":{"start":{"line":24,"column":82},"end":{"line":24,"column":83}},"loc":{"start":{"line":24,"column":97},"end":{"line":24,"column":116}},"line":24},"5":{"name":"(anonymous_5)","decl":{"start":{"line":39,"column":67},"end":{"line":39,"column":68}},"loc":{"start":{"line":39,"column":87},"end":{"line":39,"column":105}},"line":39},"6":{"name":"(anonymous_6)","decl":{"start":{"line":40,"column":42},"end":{"line":40,"column":43}},"loc":{"start":{"line":40,"column":52},"end":{"line":40,"column":75}},"line":40},"7":{"name":"(anonymous_7)","decl":{"start":{"line":46,"column":40},"end":{"line":46,"column":41}},"loc":{"start":{"line":46,"column":45},"end":{"line":46,"column":65}},"line":46},"8":{"name":"(anonymous_8)","decl":{"start":{"line":53,"column":76},"end":{"line":53,"column":77}},"loc":{"start":{"line":53,"column":102},"end":{"line":53,"column":123}},"line":53},"9":{"name":"(anonymous_9)","decl":{"start":{"line":55,"column":37},"end":{"line":55,"column":38}},"loc":{"start":{"line":55,"column":42},"end":{"line":55,"column":54}},"line":55},"10":{"name":"(anonymous_10)","decl":{"start":{"line":74,"column":26},"end":{"line":74,"column":27}},"loc":{"start":{"line":74,"column":46},"end":{"line":121,"column":1}},"line":74},"11":{"name":"(anonymous_11)","decl":{"start":{"line":78,"column":31},"end":{"line":78,"column":32}},"loc":{"start":{"line":78,"column":40},"end":{"line":95,"column":5}},"line":78},"12":{"name":"(anonymous_12)","decl":{"start":{"line":79,"column":40},"end":{"line":79,"column":41}},"loc":{"start":{"line":79,"column":48},"end":{"line":79,"column":57}},"line":79},"13":{"name":"(anonymous_13)","decl":{"start":{"line":80,"column":41},"end":{"line":80,"column":42}},"loc":{"start":{"line":80,"column":49},"end":{"line":80,"column":59}},"line":80},"14":{"name":"(anonymous_14)","decl":{"start":{"line":81,"column":45},"end":{"line":81,"column":46}},"loc":{"start":{"line":81,"column":53},"end":{"line":81,"column":66}},"line":81}},"branchMap":{"0":{"loc":{"start":{"line":15,"column":18},"end":{"line":15,"column":74}},"type":"cond-expr","locations":[{"start":{"line":15,"column":30},"end":{"line":15,"column":49}},{"start":{"line":15,"column":52},"end":{"line":15,"column":74}}],"line":15},"1":{"loc":{"start":{"line":16,"column":16},"end":{"line":16,"column":56}},"type":"cond-expr","locations":[{"start":{"line":16,"column":26},"end":{"line":16,"column":43}},{"start":{"line":16,"column":46},"end":{"line":16,"column":56}}],"line":16},"2":{"loc":{"start":{"line":29,"column":8},"end":{"line":31,"column":9}},"type":"if","locations":[{"start":{"line":29,"column":8},"end":{"line":31,"column":9}},{"start":{},"end":{}}],"line":29},"3":{"loc":{"start":{"line":47,"column":6},"end":{"line":51,"column":7}},"type":"if","locations":[{"start":{"line":47,"column":6},"end":{"line":51,"column":7}},{"start":{},"end":{}}],"line":47},"4":{"loc":{"start":{"line":49,"column":8},"end":{"line":49,"column":69}},"type":"if","locations":[{"start":{"line":49,"column":8},"end":{"line":49,"column":69}},{"start":{},"end":{}}],"line":49},"5":{"loc":{"start":{"line":85,"column":20},"end":{"line":85,"column":46}},"type":"binary-expr","locations":[{"start":{"line":85,"column":20},"end":{"line":85,"column":37}},{"start":{"line":85,"column":41},"end":{"line":85,"column":46}}],"line":85},"6":{"loc":{"start":{"line":86,"column":22},"end":{"line":86,"column":49}},"type":"binary-expr","locations":[{"start":{"line":86,"column":22},"end":{"line":86,"column":40}},{"start":{"line":86,"column":44},"end":{"line":86,"column":49}}],"line":86},"7":{"loc":{"start":{"line":87,"column":23},"end":{"line":87,"column":51}},"type":"binary-expr","locations":[{"start":{"line":87,"column":23},"end":{"line":87,"column":42}},{"start":{"line":87,"column":46},"end":{"line":87,"column":51}}],"line":87}},"s":{"0":1,"1":1,"2":1,"3":1,"4":1,"5":1,"6":1,"7":1,"8":1,"9":0,"10":1,"11":0,"12":0,"13":0,"14":0,"15":0,"16":0,"17":0,"18":0,"19":0,"20":0,"21":0,"22":0,"23":0,"24":0,"25":0,"26":0,"27":0,"28":0,"29":0,"30":0,"31":0,"32":0,"33":0,"34":0,"35":0,"36":0,"37":0,"38":0,"39":0,"40":0,"41":0,"42":0,"43":0,"44":0,"45":0,"46":0,"47":0,"48":0,"49":0,"50":0,"51":0,"52":1,"53":0,"54":0,"55":0,"56":0,"57":0,"58":0,"59":0,"60":0,"61":0,"62":0,"63":0,"64":0,"65":0,"66":0,"67":0,"68":0,"69":0,"70":0,"71":1},"f":{"0":0,"1":0,"2":0,"3":0,"4":0,"5":0,"6":0,"7":0,"8":0,"9":0,"10":0,"11":0,"12":0,"13":0,"14":0},"b":{"0":[0,0],"1":[0,0],"2":[0,0],"3":[0,0],"4":[0,0],"5":[0,0],"6":[0,0],"7":[0,0]},"_coverageSchema":"1a1c01bbd47fc00a2c39e90264f33305004495a9","hash":"46beaae816789618a9ba8f36746c3928bd184e1a"}
}
